#
# There is insufficient memory for the Java Runtime Environment to continue.
# Native memory allocation (malloc) failed to allocate 1048576 bytes for AllocateHeap
# Possible reasons:
#   The system is out of physical RAM or swap space
#   The process is running with CompressedOops enabled, and the Java Heap may be blocking the growth of the native heap
# Possible solutions:
#   Reduce memory load on the system
#   Increase physical memory or swap space
#   Check if swap backing store is full
#   Decrease Java heap size (-Xmx/-Xms)
#   Decrease number of Java threads
#   Decrease Java thread stack sizes (-Xss)
#   Set larger code cache with -XX:ReservedCodeCacheSize=
#   JVM is running with Unscaled Compressed Oops mode in which the Java heap is
#     placed in the first 4GB address space. The Java Heap base address is the
#     maximum limit for the native heap growth. Please use -XX:HeapBaseMinAddress
#     to set the Java Heap base and to place the Java Heap above 4GB virtual address.
# This output file may be truncated or incomplete.
#
#  Out of Memory Error (allocation.cpp:44), pid=11760, tid=9976
#
# JRE version: OpenJDK Runtime Environment Temurin-17.0.2+8 (17.0.2+8) (build 17.0.2+8)
# Java VM: OpenJDK 64-Bit Server VM Temurin-17.0.2+8 (17.0.2+8, mixed mode, emulated-client, tiered, compressed oops, compressed class ptrs, g1 gc, windows-amd64)
# No core dump will be written. Minidumps are not enabled by default on client versions of Windows
#

---------------  S U M M A R Y ------------

Command Line: -Dsts.lsp.client=vscode -Dsts.log.file=/dev/null -XX:TieredStopAtLevel=1 -Dspring.config.location=file:c:\Users\Ionwi\.vscode\extensions\pivotal.vscode-spring-boot-1.32.0\language-server\BOOT-INF\classes\application.properties org.springframework.ide.vscode.boot.app.BootLanguageServerBootApp

Host: AMD Athlon Silver 3050U with Radeon Graphics   , 2 cores, 3G,  Windows 10 , 64 bit Build 19041 (10.0.19041.1566)
Time: Mon Apr  4 13:37:36 2022 Central Daylight Time elapsed time: 7110.916908 seconds (0d 1h 58m 30s)

---------------  T H R E A D  ---------------

Current thread (0x0000021740a69620):  VMThread "VM Thread" [stack: 0x000000521c600000,0x000000521c700000] [id=9976]

Stack: [0x000000521c600000,0x000000521c700000]
Native frames: (J=compiled Java code, j=interpreted, Vv=VM code, C=native code)
V  [jvm.dll+0x67564a]
V  [jvm.dll+0x82fc04]
V  [jvm.dll+0x8313ae]
V  [jvm.dll+0x831a13]
V  [jvm.dll+0x245235]
V  [jvm.dll+0xa6393]
V  [jvm.dll+0x2f5233]
V  [jvm.dll+0x2f0f70]
V  [jvm.dll+0x2d96c7]
V  [jvm.dll+0x31c6b7]
V  [jvm.dll+0x835ebb]
V  [jvm.dll+0x836bf4]
V  [jvm.dll+0x83710c]
V  [jvm.dll+0x8374e4]
V  [jvm.dll+0x8375b0]
V  [jvm.dll+0x7dff2a]
V  [jvm.dll+0x6744d5]
C  [ucrtbase.dll+0x21bb2]
C  [KERNEL32.DLL+0x17034]
C  [ntdll.dll+0x52651]

VM_Operation (0x000000521d3ff0a0): G1CollectFull, mode: safepoint, requested by thread 0x000002174382d300


---------------  P R O C E S S  ---------------

Threads class SMR info:
_java_thread_list=0x0000021743a36920, length=18, elements={
0x0000021740a81750, 0x0000021740a825c0, 0x0000021740abd130, 0x0000021740ac0dc0,
0x0000021740ac2780, 0x0000021740ac3130, 0x0000021740ac3b90, 0x0000021740ac4580,
0x00000217415bbf30, 0x00000217415c8440, 0x000002174382d300, 0x00000217438d7350,
0x0000021736f81d40, 0x00000217438d4470, 0x00000217439e1b30, 0x00000217439e2000,
0x0000021743a1c860, 0x0000021743a83bc0
}

Java Threads: ( => current thread )
  0x0000021740a81750 JavaThread "Reference Handler" daemon [_thread_blocked, id=2936, stack(0x000000521c700000,0x000000521c800000)]
  0x0000021740a825c0 JavaThread "Finalizer" daemon [_thread_blocked, id=13412, stack(0x000000521c800000,0x000000521c900000)]
  0x0000021740abd130 JavaThread "Signal Dispatcher" daemon [_thread_blocked, id=11020, stack(0x000000521c900000,0x000000521ca00000)]
  0x0000021740ac0dc0 JavaThread "Attach Listener" daemon [_thread_blocked, id=11852, stack(0x000000521ca00000,0x000000521cb00000)]
  0x0000021740ac2780 JavaThread "Service Thread" daemon [_thread_blocked, id=7792, stack(0x000000521cb00000,0x000000521cc00000)]
  0x0000021740ac3130 JavaThread "Monitor Deflation Thread" daemon [_thread_blocked, id=11564, stack(0x000000521cc00000,0x000000521cd00000)]
  0x0000021740ac3b90 JavaThread "C1 CompilerThread0" daemon [_thread_blocked, id=6688, stack(0x000000521cd00000,0x000000521ce00000)]
  0x0000021740ac4580 JavaThread "Sweeper thread" daemon [_thread_blocked, id=14476, stack(0x000000521ce00000,0x000000521cf00000)]
  0x00000217415bbf30 JavaThread "Notification Thread" daemon [_thread_blocked, id=2652, stack(0x000000521cf00000,0x000000521d000000)]
  0x00000217415c8440 JavaThread "Common-Cleaner" daemon [_thread_blocked, id=16164, stack(0x000000521d100000,0x000000521d200000)]
  0x000002174382d300 JavaThread "pool-5-thread-1" [_thread_blocked, id=6476, stack(0x000000521d300000,0x000000521d400000)]
  0x00000217438d7350 JavaThread "LanguageServerApp-lifecycle" [_thread_blocked, id=13952, stack(0x000000521d400000,0x000000521d500000)]
  0x0000021736f81d40 JavaThread "DestroyJavaVM" [_thread_blocked, id=8468, stack(0x000000521c000000,0x000000521c100000)]
  0x00000217438d4470 JavaThread "pool-6-thread-1" [_thread_in_native, id=12280, stack(0x000000521d500000,0x000000521d600000)]
  0x00000217439e1b30 JavaThread "Simple-Language-Server main thread" daemon [_thread_blocked, id=9656, stack(0x000000521d600000,0x000000521d700000)]
  0x00000217439e2000 JavaThread "pool-7-thread-1" [_thread_blocked, id=9824, stack(0x000000521d700000,0x000000521d800000)]
  0x0000021743a1c860 JavaThread "Reconciler-1" [_thread_blocked, id=7780, stack(0x000000521d800000,0x000000521d900000)]
  0x0000021743a83bc0 JavaThread "parallel-1" daemon [_thread_blocked, id=3896, stack(0x000000521d900000,0x000000521da00000)]

Other Threads:
=>0x0000021740a69620 VMThread "VM Thread" [stack: 0x000000521c600000,0x000000521c700000] [id=9976]
  0x00000217415bd120 WatcherThread [stack: 0x000000521d000000,0x000000521d100000] [id=14780]
  0x0000021736facf70 GCTaskThread "GC Thread#0" [stack: 0x000000521c100000,0x000000521c200000] [id=6332]
  0x00000217417f6b40 GCTaskThread "GC Thread#1" [stack: 0x000000521d200000,0x000000521d300000] [id=3336]
  0x0000021736fb5b00 ConcurrentGCThread "G1 Main Marker" [stack: 0x000000521c200000,0x000000521c300000] [id=15024]
  0x0000021736fb7520 ConcurrentGCThread "G1 Conc#0" [stack: 0x000000521c300000,0x000000521c400000] [id=8052]
  0x0000021736fea8f0 ConcurrentGCThread "G1 Refine#0" [stack: 0x000000521c400000,0x000000521c500000] [id=11584]
  0x0000021736feb320 ConcurrentGCThread "G1 Service" [stack: 0x000000521c500000,0x000000521c600000] [id=10796]

Threads with active compile tasks:

VM state: at safepoint (normal execution)

VM Mutex/Monitor currently owned by a thread:  ([mutex/lock_event])
[0x0000021734d47360] Threads_lock - owner thread: 0x0000021740a69620
[0x0000021736f802a0] Heap_lock - owner thread: 0x000002174382d300

Heap address: 0x00000000c9e00000, size: 866 MB, Compressed Oops mode: 32-bit

CDS archive(s) not mapped
Compressed class space mapped at: 0x0000000100000000-0x0000000140000000, reserved size: 1073741824
Narrow klass base: 0x0000000000000000, Narrow klass shift: 3, Narrow klass range: 0x140000000

GC Precious Log:
 CPUs: 2 total, 2 available
 Memory: 3463M
 Large Page Support: Disabled
 NUMA Support: Disabled
 Compressed Oops: Enabled (32-bit)
 Heap Region Size: 1M
 Heap Min Capacity: 8M
 Heap Initial Capacity: 56M
 Heap Max Capacity: 866M
 Pre-touch: Disabled
 Parallel Workers: 2
 Concurrent Workers: 1
 Concurrent Refinement Workers: 2
 Periodic GC: Disabled

Heap:
 garbage-first heap   total 34816K, used 13249K [0x00000000c9e00000, 0x0000000100000000)
  region size 1024K, 5 young (5120K), 0 survivors (0K)
 Metaspace       used 29555K, committed 30016K, reserved 1081344K
  class space    used 3973K, committed 4160K, reserved 1048576K

Heap Regions: E=young(eden), S=young(survivor), O=old, HS=humongous(starts), HC=humongous(continues), CS=collection set, F=free, OA=open archive, CA=closed archive, TAMS=top-at-mark-start (previous, next)
|   0|0x00000000c9e00000, 0x00000000c9f00000, 0x00000000c9f00000|100%| O|  |TAMS 0x00000000c9f00000, 0x00000000c9e00000| Untracked 
|   1|0x00000000c9f00000, 0x00000000c9ffffc0, 0x00000000ca000000| 99%| O|  |TAMS 0x00000000c9ffffc0, 0x00000000c9f00000| Untracked 
|   2|0x00000000ca000000, 0x00000000ca0fff98, 0x00000000ca100000| 99%| O|  |TAMS 0x00000000ca0fff98, 0x00000000ca000000| Untracked 
|   3|0x00000000ca100000, 0x00000000ca1ffff0, 0x00000000ca200000| 99%| O|  |TAMS 0x00000000ca1ffff0, 0x00000000ca100000| Untracked 
|   4|0x00000000ca200000, 0x00000000ca2fffd0, 0x00000000ca300000| 99%| O|  |TAMS 0x00000000ca2fffd0, 0x00000000ca200000| Untracked 
|   5|0x00000000ca300000, 0x00000000ca3ffff8, 0x00000000ca400000| 99%| O|  |TAMS 0x00000000ca3ffff8, 0x00000000ca300000| Untracked 
|   6|0x00000000ca400000, 0x00000000ca4fffc8, 0x00000000ca500000| 99%| O|  |TAMS 0x00000000ca4fffc8, 0x00000000ca400000| Untracked 
|   7|0x00000000ca500000, 0x00000000ca5fffc0, 0x00000000ca600000| 99%| O|  |TAMS 0x00000000ca5fffc0, 0x00000000ca500000| Untracked 
|   8|0x00000000ca600000, 0x00000000ca6ffff0, 0x00000000ca700000| 99%| O|  |TAMS 0x00000000ca6ffff0, 0x00000000ca600000| Untracked 
|   9|0x00000000ca700000, 0x00000000ca7ef6a0, 0x00000000ca800000| 93%| O|  |TAMS 0x00000000ca700000, 0x00000000ca700000| Untracked 
|  10|0x00000000ca800000, 0x00000000ca800ff0, 0x00000000ca900000|  0%| O|  |TAMS 0x00000000ca800000, 0x00000000ca800000| Untracked 
|  11|0x00000000ca900000, 0x00000000ca900000, 0x00000000caa00000|  0%| F|  |TAMS 0x00000000ca900000, 0x00000000ca900000| Untracked 
|  12|0x00000000caa00000, 0x00000000caa00000, 0x00000000cab00000|  0%| F|  |TAMS 0x00000000caa00000, 0x00000000caa00000| Untracked 
|  13|0x00000000cab00000, 0x00000000cab00000, 0x00000000cac00000|  0%| F|  |TAMS 0x00000000cab00000, 0x00000000cab00000| Untracked 
|  14|0x00000000cac00000, 0x00000000cac00000, 0x00000000cad00000|  0%| F|  |TAMS 0x00000000cac00000, 0x00000000cac00000| Untracked 
|  15|0x00000000cad00000, 0x00000000cad00000, 0x00000000cae00000|  0%| F|  |TAMS 0x00000000cad00000, 0x00000000cad00000| Untracked 
|  16|0x00000000cae00000, 0x00000000cae00000, 0x00000000caf00000|  0%| F|  |TAMS 0x00000000cae00000, 0x00000000cae00000| Untracked 
|  17|0x00000000caf00000, 0x00000000caf00000, 0x00000000cb000000|  0%| F|  |TAMS 0x00000000caf00000, 0x00000000caf00000| Untracked 
|  18|0x00000000cb000000, 0x00000000cb000000, 0x00000000cb100000|  0%| F|  |TAMS 0x00000000cb000000, 0x00000000cb000000| Untracked 
|  19|0x00000000cb100000, 0x00000000cb100000, 0x00000000cb200000|  0%| F|  |TAMS 0x00000000cb100000, 0x00000000cb100000| Untracked 
|  20|0x00000000cb200000, 0x00000000cb200000, 0x00000000cb300000|  0%| F|  |TAMS 0x00000000cb200000, 0x00000000cb200000| Untracked 
|  21|0x00000000cb300000, 0x00000000cb300000, 0x00000000cb400000|  0%| F|  |TAMS 0x00000000cb300000, 0x00000000cb300000| Untracked 
|  22|0x00000000cb400000, 0x00000000cb400000, 0x00000000cb500000|  0%| F|  |TAMS 0x00000000cb400000, 0x00000000cb400000| Untracked 
|  23|0x00000000cb500000, 0x00000000cb500000, 0x00000000cb600000|  0%| F|  |TAMS 0x00000000cb500000, 0x00000000cb500000| Untracked 
|  24|0x00000000cb600000, 0x00000000cb600000, 0x00000000cb700000|  0%| F|  |TAMS 0x00000000cb600000, 0x00000000cb600000| Untracked 
|  25|0x00000000cb700000, 0x00000000cb700000, 0x00000000cb800000|  0%| F|  |TAMS 0x00000000cb700000, 0x00000000cb700000| Untracked 
|  26|0x00000000cb800000, 0x00000000cb800000, 0x00000000cb900000|  0%| F|  |TAMS 0x00000000cb800000, 0x00000000cb800000| Untracked 
|  27|0x00000000cb900000, 0x00000000cb900000, 0x00000000cba00000|  0%| F|  |TAMS 0x00000000cb900000, 0x00000000cb900000| Untracked 
|  28|0x00000000cba00000, 0x00000000cba00000, 0x00000000cbb00000|  0%| F|  |TAMS 0x00000000cba00000, 0x00000000cba00000| Untracked 
|  29|0x00000000cbb00000, 0x00000000cbb5e550, 0x00000000cbc00000| 36%| E|  |TAMS 0x00000000cbb00000, 0x00000000cbb00000| Complete 
|  30|0x00000000cbc00000, 0x00000000cbd00000, 0x00000000cbd00000|100%| E|CS|TAMS 0x00000000cbc00000, 0x00000000cbc00000| Complete 
|  31|0x00000000cbd00000, 0x00000000cbe00000, 0x00000000cbe00000|100%| E|CS|TAMS 0x00000000cbd00000, 0x00000000cbd00000| Complete 
|  32|0x00000000cbe00000, 0x00000000cbf00000, 0x00000000cbf00000|100%| E|  |TAMS 0x00000000cbe00000, 0x00000000cbe00000| Complete 
|  33|0x00000000cbf00000, 0x00000000cc000000, 0x00000000cc000000|100%| E|CS|TAMS 0x00000000cbf00000, 0x00000000cbf00000| Complete 

Card table byte_map: [0x0000021736b40000,0x0000021736d00000] _byte_map_base: 0x00000217364f1000

Marking Bits (Prev, Next): (CMBitMap*) 0x0000021736fae590, (CMBitMap*) 0x0000021736fae5d0
 Prev Bits: [0x000002173cc10000, 0x000002173d998000)
 Next Bits: [0x000002173d9a0000, 0x000002173e728000)

Polling page: 0x0000021734f00000

Metaspace:

Usage:
  Non-class:     24.98 MB used.
      Class:      3.88 MB used.
       Both:     28.86 MB used.

Virtual space:
  Non-class space:       32.00 MB reserved,      25.25 MB ( 79%) committed,  4 nodes.
      Class space:        1.00 GB reserved,       4.06 MB ( <1%) committed,  1 nodes.
             Both:        1.03 GB reserved,      29.31 MB (  3%) committed. 

Chunk freelists:
   Non-Class:  2.19 MB
       Class:  4.00 MB
        Both:  6.18 MB

MaxMetaspaceSize: unlimited
CompressedClassSpaceSize: 1.00 GB
Initial GC threshold: 21.00 MB
Current GC threshold: 48.88 MB
CDS: off
MetaspaceReclaimPolicy: balanced
 - commit_granule_bytes: 65536.
 - commit_granule_words: 8192.
 - virtual_space_node_default_size: 1048576.
 - enlarge_chunks_in_place: 1.
 - new_chunks_are_fully_committed: 0.
 - uncommit_free_chunks: 1.
 - use_allocation_guard: 0.
 - handle_deallocations: 1.


Internal statistics:

num_allocs_failed_limit: 3.
num_arena_births: 324.
num_arena_deaths: 100.
num_vsnodes_births: 5.
num_vsnodes_deaths: 0.
num_space_committed: 469.
num_space_uncommitted: 0.
num_chunks_returned_to_freelist: 104.
num_chunks_taken_from_freelist: 1134.
num_chunk_merges: 35.
num_chunk_splits: 745.
num_chunks_enlarged: 562.
num_purges: 4.
num_inconsistent_stats: 0.

CodeCache: size=49152Kb used=6620Kb max_used=7096Kb free=42531Kb
 bounds [0x0000021739c10000, 0x000002173a340000, 0x000002173cc10000]
 total_blobs=3965 nmethods=3475 adapters=417
 compilation: enabled
              stopped_count=0, restarted_count=0
 full_count=0

Compilation events (20 events):
Event: 2708.701 Thread 0x0000021740ac3b90 3490   !   1       java.lang.ProcessImpl::<init> (327 bytes)
Event: 2708.713 Thread 0x0000021740ac3b90 nmethod 3490 0x000002173a236290 code [0x000002173a2366a0, 0x000002173a237928]
Event: 2708.864 Thread 0x0000021740ac3b90 3491   !   1       java.io.FilterOutputStream::close (183 bytes)
Event: 2708.888 Thread 0x0000021740ac3b90 nmethod 3491 0x000002173a235910 code [0x000002173a235b20, 0x000002173a235ff8]
Event: 2708.888 Thread 0x0000021740ac3b90 3492   !   1       java.io.FileOutputStream::close (69 bytes)
Event: 2708.892 Thread 0x0000021740ac3b90 nmethod 3492 0x000002173a235290 code [0x000002173a235460, 0x000002173a2357d8]
Event: 2708.892 Thread 0x0000021740ac3b90 3493       1       java.io.FileOutputStream$1::<init> (10 bytes)
Event: 2708.892 Thread 0x0000021740ac3b90 nmethod 3493 0x000002173a234f90 code [0x000002173a235120, 0x000002173a235238]
Event: 2708.892 Thread 0x0000021740ac3b90 3494       1       java.io.FileOutputStream$1::close (11 bytes)
Event: 2708.892 Thread 0x0000021740ac3b90 nmethod 3494 0x000002173a234910 code [0x000002173a234ac0, 0x000002173a234dd8]
Event: 4053.271 Thread 0x0000021740ac3b90 3497       1       java.lang.ProcessImpl$2::run (242 bytes)
Event: 4053.300 Thread 0x0000021740ac3b90 nmethod 3497 0x000002173a232510 code [0x000002173a2327c0, 0x000002173a233558]
Event: 4053.300 Thread 0x0000021740ac3b90 3498       1       java.io.BufferedOutputStream::<init> (9 bytes)
Event: 4053.302 Thread 0x0000021740ac3b90 nmethod 3498 0x000002173a231f90 code [0x000002173a232120, 0x000002173a2323f8]
Event: 4053.302 Thread 0x0000021740ac3b90 3499       1       java.lang.ProcessImpl::waitFor (136 bytes)
Event: 4053.308 Thread 0x0000021740ac3b90 nmethod 3499 0x000002173a231710 code [0x000002173a231920, 0x000002173a231d38]
Event: 4053.477 Thread 0x0000021740ac3b90 3502       1       java.lang.ProcessImpl$$Lambda$474/0x000000010026f458::run (8 bytes)
Event: 4053.478 Thread 0x0000021740ac3b90 nmethod 3502 0x000002173a230c10 code [0x000002173a230da0, 0x000002173a230e88]
Event: 4053.478 Thread 0x0000021740ac3b90 3503       1       java.lang.ProcessImpl::lambda$new$0 (6 bytes)
Event: 4053.478 Thread 0x0000021740ac3b90 nmethod 3503 0x000002173a230910 code [0x000002173a230aa0, 0x000002173a230b68]

GC Heap History (20 events):
Event: 7004.579 GC heap before
{Heap before GC invocations=678 (full 667):
 garbage-first heap   total 34816K, used 12225K [0x00000000c9e00000, 0x0000000100000000)
  region size 1024K, 3 young (3072K), 0 survivors (0K)
 Metaspace       used 29555K, committed 30016K, reserved 1081344K
  class space    used 3973K, committed 4160K, reserved 1048576K
}
Event: 7004.599 GC heap after
{Heap after GC invocations=679 (full 668):
 garbage-first heap   total 34816K, used 10177K [0x00000000c9e00000, 0x0000000100000000)
  region size 1024K, 0 young (0K), 0 survivors (0K)
 Metaspace       used 29555K, committed 30016K, reserved 1081344K
  class space    used 3973K, committed 4160K, reserved 1048576K
}
Event: 7014.883 GC heap before
{Heap before GC invocations=679 (full 668):
 garbage-first heap   total 34816K, used 11201K [0x00000000c9e00000, 0x0000000100000000)
  region size 1024K, 3 young (3072K), 0 survivors (0K)
 Metaspace       used 29555K, committed 30016K, reserved 1081344K
  class space    used 3973K, committed 4160K, reserved 1048576K
}
Event: 7014.901 GC heap after
{Heap after GC invocations=680 (full 669):
 garbage-first heap   total 34816K, used 10177K [0x00000000c9e00000, 0x0000000100000000)
  region size 1024K, 0 young (0K), 0 survivors (0K)
 Metaspace       used 29555K, committed 30016K, reserved 1081344K
  class space    used 3973K, committed 4160K, reserved 1048576K
}
Event: 7025.213 GC heap before
{Heap before GC invocations=680 (full 669):
 garbage-first heap   total 34816K, used 11201K [0x00000000c9e00000, 0x0000000100000000)
  region size 1024K, 3 young (3072K), 0 survivors (0K)
 Metaspace       used 29555K, committed 30016K, reserved 1081344K
  class space    used 3973K, committed 4160K, reserved 1048576K
}
Event: 7025.234 GC heap after
{Heap after GC invocations=681 (full 670):
 garbage-first heap   total 34816K, used 10177K [0x00000000c9e00000, 0x0000000100000000)
  region size 1024K, 0 young (0K), 0 survivors (0K)
 Metaspace       used 29555K, committed 30016K, reserved 1081344K
  class space    used 3973K, committed 4160K, reserved 1048576K
}
Event: 7035.471 GC heap before
{Heap before GC invocations=681 (full 670):
 garbage-first heap   total 34816K, used 11201K [0x00000000c9e00000, 0x0000000100000000)
  region size 1024K, 3 young (3072K), 0 survivors (0K)
 Metaspace       used 29555K, committed 30016K, reserved 1081344K
  class space    used 3973K, committed 4160K, reserved 1048576K
}
Event: 7035.490 GC heap after
{Heap after GC invocations=682 (full 671):
 garbage-first heap   total 34816K, used 10177K [0x00000000c9e00000, 0x0000000100000000)
  region size 1024K, 0 young (0K), 0 survivors (0K)
 Metaspace       used 29555K, committed 30016K, reserved 1081344K
  class space    used 3973K, committed 4160K, reserved 1048576K
}
Event: 7045.800 GC heap before
{Heap before GC invocations=682 (full 671):
 garbage-first heap   total 34816K, used 11201K [0x00000000c9e00000, 0x0000000100000000)
  region size 1024K, 3 young (3072K), 0 survivors (0K)
 Metaspace       used 29555K, committed 30016K, reserved 1081344K
  class space    used 3973K, committed 4160K, reserved 1048576K
}
Event: 7045.821 GC heap after
{Heap after GC invocations=683 (full 672):
 garbage-first heap   total 34816K, used 10177K [0x00000000c9e00000, 0x0000000100000000)
  region size 1024K, 0 young (0K), 0 survivors (0K)
 Metaspace       used 29555K, committed 30016K, reserved 1081344K
  class space    used 3973K, committed 4160K, reserved 1048576K
}
Event: 7056.236 GC heap before
{Heap before GC invocations=683 (full 672):
 garbage-first heap   total 34816K, used 11201K [0x00000000c9e00000, 0x0000000100000000)
  region size 1024K, 3 young (3072K), 0 survivors (0K)
 Metaspace       used 29555K, committed 30016K, reserved 1081344K
  class space    used 3973K, committed 4160K, reserved 1048576K
}
Event: 7056.255 GC heap after
{Heap after GC invocations=684 (full 673):
 garbage-first heap   total 34816K, used 10177K [0x00000000c9e00000, 0x0000000100000000)
  region size 1024K, 0 young (0K), 0 survivors (0K)
 Metaspace       used 29555K, committed 30016K, reserved 1081344K
  class space    used 3973K, committed 4160K, reserved 1048576K
}
Event: 7066.516 GC heap before
{Heap before GC invocations=684 (full 673):
 garbage-first heap   total 34816K, used 11201K [0x00000000c9e00000, 0x0000000100000000)
  region size 1024K, 3 young (3072K), 0 survivors (0K)
 Metaspace       used 29555K, committed 30016K, reserved 1081344K
  class space    used 3973K, committed 4160K, reserved 1048576K
}
Event: 7066.535 GC heap after
{Heap after GC invocations=685 (full 674):
 garbage-first heap   total 34816K, used 10177K [0x00000000c9e00000, 0x0000000100000000)
  region size 1024K, 0 young (0K), 0 survivors (0K)
 Metaspace       used 29555K, committed 30016K, reserved 1081344K
  class space    used 3973K, committed 4160K, reserved 1048576K
}
Event: 7076.909 GC heap before
{Heap before GC invocations=685 (full 674):
 garbage-first heap   total 34816K, used 11201K [0x00000000c9e00000, 0x0000000100000000)
  region size 1024K, 3 young (3072K), 0 survivors (0K)
 Metaspace       used 29555K, committed 30016K, reserved 1081344K
  class space    used 3973K, committed 4160K, reserved 1048576K
}
Event: 7076.931 GC heap after
{Heap after GC invocations=686 (full 675):
 garbage-first heap   total 34816K, used 10177K [0x00000000c9e00000, 0x0000000100000000)
  region size 1024K, 0 young (0K), 0 survivors (0K)
 Metaspace       used 29555K, committed 30016K, reserved 1081344K
  class space    used 3973K, committed 4160K, reserved 1048576K
}
Event: 7087.208 GC heap before
{Heap before GC invocations=686 (full 675):
 garbage-first heap   total 34816K, used 11201K [0x00000000c9e00000, 0x0000000100000000)
  region size 1024K, 3 young (3072K), 0 survivors (0K)
 Metaspace       used 29555K, committed 30016K, reserved 1081344K
  class space    used 3973K, committed 4160K, reserved 1048576K
}
Event: 7087.227 GC heap after
{Heap after GC invocations=687 (full 676):
 garbage-first heap   total 34816K, used 10177K [0x00000000c9e00000, 0x0000000100000000)
  region size 1024K, 0 young (0K), 0 survivors (0K)
 Metaspace       used 29555K, committed 30016K, reserved 1081344K
  class space    used 3973K, committed 4160K, reserved 1048576K
}
Event: 7098.096 GC heap before
{Heap before GC invocations=687 (full 676):
 garbage-first heap   total 34816K, used 11201K [0x00000000c9e00000, 0x0000000100000000)
  region size 1024K, 3 young (3072K), 0 survivors (0K)
 Metaspace       used 29555K, committed 30016K, reserved 1081344K
  class space    used 3973K, committed 4160K, reserved 1048576K
}
Event: 7098.114 GC heap after
{Heap after GC invocations=688 (full 677):
 garbage-first heap   total 34816K, used 10177K [0x00000000c9e00000, 0x0000000100000000)
  region size 1024K, 0 young (0K), 0 survivors (0K)
 Metaspace       used 29555K, committed 30016K, reserved 1081344K
  class space    used 3973K, committed 4160K, reserved 1048576K
}

Deoptimization events (10 events):
Event: 4.017 Thread 0x0000021736f81d40 DEOPT PACKING pc=0x0000021739e62df5 sp=0x000000521c0fdd30
Event: 4.017 Thread 0x0000021736f81d40 DEOPT UNPACKING pc=0x0000021739c62b43 sp=0x000000521c0fd1a0 mode 3
Event: 5.790 Thread 0x0000021736f81d40 DEOPT PACKING pc=0x0000021739f55b19 sp=0x000000521c0fd4e0
Event: 5.790 Thread 0x0000021736f81d40 DEOPT UNPACKING pc=0x0000021739c62b43 sp=0x000000521c0fc9c0 mode 3
Event: 8.588 Thread 0x0000021736f81d40 DEOPT PACKING pc=0x000002173a086f75 sp=0x000000521c0fbc10
Event: 8.588 Thread 0x0000021736f81d40 DEOPT UNPACKING pc=0x0000021739c62b43 sp=0x000000521c0fb068 mode 3
Event: 10.089 Thread 0x00000217439e1b30 DEOPT PACKING pc=0x000002173a13d535 sp=0x000000521d6fdb40
Event: 10.089 Thread 0x00000217439e1b30 DEOPT UNPACKING pc=0x0000021739c62b43 sp=0x000000521d6fd068 mode 3
Event: 2777.615 Thread 0x00000217438d4470 DEOPT PACKING pc=0x000002173a068f54 sp=0x000000521d5fec80
Event: 2777.616 Thread 0x00000217438d4470 DEOPT UNPACKING pc=0x0000021739c62b43 sp=0x000000521d5fe128 mode 0

Classes unloaded (20 events):
Event: 50.222 Thread 0x0000021740a69620 Unloading class 0x00000001001a6400 'java/lang/invoke/LambdaForm$MH+0x00000001001a6400'
Event: 50.222 Thread 0x0000021740a69620 Unloading class 0x00000001001a6000 'java/lang/invoke/LambdaForm$MH+0x00000001001a6000'
Event: 50.222 Thread 0x0000021740a69620 Unloading class 0x00000001001a5c00 'java/lang/invoke/LambdaForm$MH+0x00000001001a5c00'
Event: 50.222 Thread 0x0000021740a69620 Unloading class 0x00000001001a5800 'java/lang/invoke/LambdaForm$MH+0x00000001001a5800'
Event: 50.222 Thread 0x0000021740a69620 Unloading class 0x00000001001a5000 'java/lang/invoke/LambdaForm$MH+0x00000001001a5000'
Event: 50.222 Thread 0x0000021740a69620 Unloading class 0x00000001000d2800 'java/lang/invoke/LambdaForm$MH+0x00000001000d2800'
Event: 50.222 Thread 0x0000021740a69620 Unloading class 0x00000001000d2000 'java/lang/invoke/LambdaForm$MH+0x00000001000d2000'
Event: 50.222 Thread 0x0000021740a69620 Unloading class 0x00000001000d1c00 'java/lang/invoke/LambdaForm$MH+0x00000001000d1c00'
Event: 50.222 Thread 0x0000021740a69620 Unloading class 0x00000001000d1800 'java/lang/invoke/LambdaForm$MH+0x00000001000d1800'
Event: 50.222 Thread 0x0000021740a69620 Unloading class 0x00000001000d1000 'java/lang/invoke/LambdaForm$MH+0x00000001000d1000'
Event: 50.222 Thread 0x0000021740a69620 Unloading class 0x00000001000d0c00 'java/lang/invoke/LambdaForm$MH+0x00000001000d0c00'
Event: 50.222 Thread 0x0000021740a69620 Unloading class 0x00000001000d0800 'java/lang/invoke/LambdaForm$MH+0x00000001000d0800'
Event: 50.222 Thread 0x0000021740a69620 Unloading class 0x00000001000d0000 'java/lang/invoke/LambdaForm$MH+0x00000001000d0000'
Event: 91.917 Thread 0x0000021740a69620 Unloading class 0x00000001003e1400 'java/lang/invoke/LambdaForm$MH+0x00000001003e1400'
Event: 91.918 Thread 0x0000021740a69620 Unloading class 0x00000001003e1000 'java/lang/invoke/LambdaForm$MH+0x00000001003e1000'
Event: 91.918 Thread 0x0000021740a69620 Unloading class 0x00000001003e0c00 'java/lang/invoke/LambdaForm$MH+0x00000001003e0c00'
Event: 91.918 Thread 0x0000021740a69620 Unloading class 0x00000001003e0800 'java/lang/invoke/LambdaForm$MH+0x00000001003e0800'
Event: 91.918 Thread 0x0000021740a69620 Unloading class 0x00000001003e0400 'java/lang/invoke/LambdaForm$MH+0x00000001003e0400'
Event: 91.918 Thread 0x0000021740a69620 Unloading class 0x00000001003e0000 'java/lang/invoke/LambdaForm$MH+0x00000001003e0000'
Event: 91.919 Thread 0x0000021740a69620 Unloading class 0x00000001002e5400 'java/lang/invoke/LambdaForm$MH+0x00000001002e5400'

Classes redefined (0 events):
No events

Internal exceptions (20 events):
Event: 7.975 Thread 0x0000021736f81d40 Exception <a 'java/lang/NoSuchMethodError'{0x00000000cb719998}: 'java.lang.Object java.lang.invoke.DirectMethodHandle$Holder.newInvokeSpecial(java.lang.Object, java.lang.Object, java.lang.Object, int, java.lang.Object)'> (0x00000000cb719998) 
thrown [e:\jenkins\tmp\workspace\build\src\src\hotspot\share\interpreter\linkResolver.cpp, line 766]
Event: 7.980 Thread 0x0000021736f81d40 Exception <a 'java/lang/NoSuchMethodError'{0x00000000cb72dc30}: 'void java.lang.invoke.DirectMethodHandle$Holder.invokeSpecialIFC(java.lang.Object, java.lang.Object, java.lang.Object)'> (0x00000000cb72dc30) 
thrown [e:\jenkins\tmp\workspace\build\src\src\hotspot\share\interpreter\linkResolver.cpp, line 766]
Event: 8.402 Thread 0x0000021736f81d40 Exception <a 'java/lang/NoSuchMethodError'{0x00000000cade1050}: 'void java.lang.invoke.DirectMethodHandle$Holder.invokeVirtual(java.lang.Object, java.lang.Object)'> (0x00000000cade1050) 
thrown [e:\jenkins\tmp\workspace\build\src\src\hotspot\share\interpreter\linkResolver.cpp, line 766]
Event: 8.659 Thread 0x0000021736f81d40 Exception <a 'java/lang/NoSuchMethodError'{0x00000000cc193d90}: 'int java.lang.invoke.DirectMethodHandle$Holder.invokeSpecial(java.lang.Object, java.lang.Object, java.lang.Object, java.lang.Object, java.lang.Object)'> (0x00000000cc193d90) 
thrown [e:\jenkins\tmp\workspace\build\src\src\hotspot\share\interpreter\linkResolver.cpp, line 766]
Event: 9.146 Thread 0x0000021736f81d40 Exception <a 'java/lang/IncompatibleClassChangeError'{0x00000000cbeb06c8}: Found class java.lang.Object, but interface was expected> (0x00000000cbeb06c8) 
thrown [e:\jenkins\tmp\workspace\build\src\src\hotspot\share\interpreter\linkResolver.cpp, line 833]
Event: 9.157 Thread 0x0000021736f81d40 Exception <a 'java/lang/NoSuchMethodError'{0x00000000cbee92b0}: 'java.lang.Object java.lang.invoke.DirectMethodHandle$Holder.invokeVirtual(java.lang.Object, java.lang.Object, java.lang.Object, java.lang.Object)'> (0x00000000cbee92b0) 
thrown [e:\jenkins\tmp\workspace\build\src\src\hotspot\share\interpreter\linkResolver.cpp, line 766]
Event: 9.312 Thread 0x0000021736f81d40 Exception <a 'java/lang/NoSuchMethodError'{0x00000000cbb287d0}: 'java.lang.Object java.lang.invoke.DirectMethodHandle$Holder.newInvokeSpecial(java.lang.Object, java.lang.Object, int, java.lang.Object, java.lang.Object)'> (0x00000000cbb287d0) 
thrown [e:\jenkins\tmp\workspace\build\src\src\hotspot\share\interpreter\linkResolver.cpp, line 766]
Event: 10.030 Thread 0x00000217438d4470 Exception <a 'java/lang/NoSuchMethodError'{0x00000000cc102050}: 'java.lang.Object java.lang.invoke.DirectMethodHandle$Holder.invokeStatic(java.lang.Object, java.lang.Object, java.lang.Object, int, java.lang.Object, java.lang.Object)'> (0x00000000cc102050) 
thrown [e:\jenkins\tmp\workspace\build\src\src\hotspot\share\interpreter\linkResolver.cpp, line 766]
Event: 10.083 Thread 0x00000217439e1b30 Exception <a 'java/lang/NoSuchMethodError'{0x00000000cbf16470}: 'java.lang.Object java.lang.invoke.DirectMethodHandle$Holder.invokeStatic(java.lang.Object, int, java.lang.Object)'> (0x00000000cbf16470) 
thrown [e:\jenkins\tmp\workspace\build\src\src\hotspot\share\interpreter\linkResolver.cpp, line 766]
Event: 10.260 Thread 0x00000217439e2000 Exception <a 'java/lang/NoSuchMethodError'{0x00000000cbb73e80}: 'java.lang.Object java.lang.invoke.DirectMethodHandle$Holder.invokeInterface(java.lang.Object, java.lang.Object, java.lang.Object)'> (0x00000000cbb73e80) 
thrown [e:\jenkins\tmp\workspace\build\src\src\hotspot\share\interpreter\linkResolver.cpp, line 766]
Event: 10.328 Thread 0x0000021743a1d940 Exception <a 'java/lang/NoSuchMethodError'{0x00000000cba9f468}: 'java.lang.Object java.lang.invoke.DirectMethodHandle$Holder.invokeStatic(java.lang.Object, java.lang.Object, long, java.lang.Object)'> (0x00000000cba9f468) 
thrown [e:\jenkins\tmp\workspace\build\src\src\hotspot\share\interpreter\linkResolver.cpp, line 766]
Event: 10.328 Thread 0x0000021743a1d940 Exception <a 'java/lang/NoSuchMethodError'{0x00000000cbaa2c58}: 'java.lang.Object java.lang.invoke.DirectMethodHandle$Holder.invokeStaticInit(java.lang.Object, java.lang.Object, long, java.lang.Object)'> (0x00000000cbaa2c58) 
thrown [e:\jenkins\tmp\workspace\build\src\src\hotspot\share\interpreter\linkResolver.cpp, line 766]
Event: 10.329 Thread 0x0000021743a1d940 Exception <a 'java/lang/NoSuchMethodError'{0x00000000cbaa8ce0}: 'java.lang.Object java.lang.invoke.DirectMethodHandle$Holder.newInvokeSpecial(java.lang.Object, java.lang.Object, long)'> (0x00000000cbaa8ce0) 
thrown [e:\jenkins\tmp\workspace\build\src\src\hotspot\share\interpreter\linkResolver.cpp, line 766]
Event: 10.329 Thread 0x0000021743a1d940 Exception <a 'java/lang/NoSuchMethodError'{0x00000000cbaaca50}: 'java.lang.Object java.lang.invoke.Invokers$Holder.linkToTargetMethod(java.lang.Object, long, java.lang.Object)'> (0x00000000cbaaca50) 
thrown [e:\jenkins\tmp\workspace\build\src\src\hotspot\share\interpreter\linkResolver.cpp, line 766]
Event: 10.377 Thread 0x00000217439e1b30 Exception <a 'java/lang/NoSuchMethodError'{0x00000000cb8daab8}: 'int java.lang.invoke.DirectMethodHandle$Holder.invokeStatic(java.lang.Object)'> (0x00000000cb8daab8) 
thrown [e:\jenkins\tmp\workspace\build\src\src\hotspot\share\interpreter\linkResolver.cpp, line 766]
Event: 10.377 Thread 0x00000217439e1b30 Exception <a 'java/lang/NoSuchMethodError'{0x00000000cb8de210}: 'int java.lang.invoke.DirectMethodHandle$Holder.invokeStaticInit(java.lang.Object)'> (0x00000000cb8de210) 
thrown [e:\jenkins\tmp\workspace\build\src\src\hotspot\share\interpreter\linkResolver.cpp, line 766]
Event: 10.400 Thread 0x00000217438d4470 Exception <a 'java/lang/NoSuchMethodError'{0x00000000cb78d328}: 'int java.lang.invoke.DirectMethodHandle$Holder.invokeVirtual(java.lang.Object, java.lang.Object)'> (0x00000000cb78d328) 
thrown [e:\jenkins\tmp\workspace\build\src\src\hotspot\share\interpreter\linkResolver.cpp, line 766]
Event: 10.535 Thread 0x0000021743a65470 Exception <a 'java/lang/NullPointerException'{0x00000000cd5273b8}> (0x00000000cd5273b8) 
thrown [e:\jenkins\tmp\workspace\build\src\src\hotspot\share\interpreter\linkResolver.cpp, line 1357]
Event: 49.382 Thread 0x000002174382d300 Exception <a 'java/lang/NoSuchMethodError'{0x00000000cc223d60}: 'void java.lang.invoke.DirectMethodHandle$Holder.invokeStatic(java.lang.Object, long)'> (0x00000000cc223d60) 
thrown [e:\jenkins\tmp\workspace\build\src\src\hotspot\share\interpreter\linkResolver.cpp, line 766]
Event: 49.388 Thread 0x000002174382d300 Exception <a 'java/lang/NoSuchMethodError'{0x00000000cc229108}: 'java.lang.Object java.lang.invoke.DirectMethodHandle$Holder.newInvokeSpecial(java.lang.Object, long)'> (0x00000000cc229108) 
thrown [e:\jenkins\tmp\workspace\build\src\src\hotspot\share\interpreter\linkResolver.cpp, line 766]

VM Operations (20 events):
Event: 7004.599 Executing VM operation: G1CollectFull done
Event: 7014.883 Executing VM operation: G1CollectFull
Event: 7014.901 Executing VM operation: G1CollectFull done
Event: 7025.213 Executing VM operation: G1CollectFull
Event: 7025.234 Executing VM operation: G1CollectFull done
Event: 7035.471 Executing VM operation: G1CollectFull
Event: 7035.490 Executing VM operation: G1CollectFull done
Event: 7045.800 Executing VM operation: G1CollectFull
Event: 7045.821 Executing VM operation: G1CollectFull done
Event: 7056.236 Executing VM operation: G1CollectFull
Event: 7056.255 Executing VM operation: G1CollectFull done
Event: 7066.515 Executing VM operation: G1CollectFull
Event: 7066.535 Executing VM operation: G1CollectFull done
Event: 7076.909 Executing VM operation: G1CollectFull
Event: 7076.931 Executing VM operation: G1CollectFull done
Event: 7087.207 Executing VM operation: G1CollectFull
Event: 7087.227 Executing VM operation: G1CollectFull done
Event: 7098.096 Executing VM operation: G1CollectFull
Event: 7098.115 Executing VM operation: G1CollectFull done
Event: 7110.897 Executing VM operation: G1CollectFull

Events (20 events):
Event: 49.390 loading class java/lang/Process$PipeInputStream
Event: 49.390 loading class java/lang/Process$PipeInputStream done
Event: 49.399 loading class jdk/internal/event/ProcessStartEvent
Event: 49.406 loading class jdk/internal/event/ProcessStartEvent done
Event: 50.181 loading class java/io/FileOutputStream$1
Event: 50.182 loading class java/io/FileOutputStream$1 done
Event: 471.326 Thread 0x0000021741988b60 Thread added: 0x0000021741988b60
Event: 481.228 Thread 0x0000021741988b60 Thread exited: 0x0000021741988b60
Event: 633.088 Thread 0x0000021741988b60 Thread added: 0x0000021741988b60
Event: 638.124 Thread 0x0000021741988b60 Thread exited: 0x0000021741988b60
Event: 794.642 Thread 0x0000021741988b60 Thread added: 0x0000021741988b60
Event: 799.731 Thread 0x0000021741988b60 Thread exited: 0x0000021741988b60
Event: 955.760 Thread 0x0000021741988b60 Thread added: 0x0000021741988b60
Event: 960.787 Thread 0x0000021741988b60 Thread exited: 0x0000021741988b60
Event: 1943.329 Thread 0x0000021743abe380 Thread added: 0x0000021743abe380
Event: 1948.371 Thread 0x0000021743abe380 Thread exited: 0x0000021743abe380
Event: 2586.654 Thread 0x0000021743abe380 Thread added: 0x0000021743abe380
Event: 2591.678 Thread 0x0000021743abe380 Thread exited: 0x0000021743abe380
Event: 2777.646 Thread 0x0000021743a81070 Thread added: 0x0000021743a81070
Event: 2777.659 Thread 0x0000021743a81070 Thread exited: 0x0000021743a81070


Dynamic libraries:
0x00007ff6dd070000 - 0x00007ff6dd07e000 	c:\Users\Ionwi\.vscode\extensions\redhat.java-1.4.0\jre\17.0.2-win32-x86_64\bin\java.exe
0x00007ffc7c4f0000 - 0x00007ffc7c6e5000 	C:\WINDOWS\SYSTEM32\ntdll.dll
0x00007ffc7b0a0000 - 0x00007ffc7b15e000 	C:\WINDOWS\System32\KERNEL32.DLL
0x00007ffc79ef0000 - 0x00007ffc7a1b8000 	C:\WINDOWS\System32\KERNELBASE.dll
0x00007ffc79c10000 - 0x00007ffc79d10000 	C:\WINDOWS\System32\ucrtbase.dll
0x00007ffc64ec0000 - 0x00007ffc64ed8000 	c:\Users\Ionwi\.vscode\extensions\redhat.java-1.4.0\jre\17.0.2-win32-x86_64\bin\jli.dll
0x00007ffc7c010000 - 0x00007ffc7c1b0000 	C:\WINDOWS\System32\USER32.dll
0x00007ffc79ec0000 - 0x00007ffc79ee2000 	C:\WINDOWS\System32\win32u.dll
0x00007ffc7a550000 - 0x00007ffc7a57b000 	C:\WINDOWS\System32\GDI32.dll
0x00007ffc7a1f0000 - 0x00007ffc7a2fb000 	C:\WINDOWS\System32\gdi32full.dll
0x00007ffc7a300000 - 0x00007ffc7a39d000 	C:\WINDOWS\System32\msvcp_win.dll
0x00007ffc63ab0000 - 0x00007ffc63ac9000 	c:\Users\Ionwi\.vscode\extensions\redhat.java-1.4.0\jre\17.0.2-win32-x86_64\bin\VCRUNTIME140.dll
0x00007ffc679e0000 - 0x00007ffc67c7a000 	C:\WINDOWS\WinSxS\amd64_microsoft.windows.common-controls_6595b64144ccf1df_6.0.19041.1110_none_60b5254171f9507e\COMCTL32.dll
0x00007ffc7b250000 - 0x00007ffc7b2ee000 	C:\WINDOWS\System32\msvcrt.dll
0x00007ffc7b2f0000 - 0x00007ffc7b320000 	C:\WINDOWS\System32\IMM32.DLL
0x00007ffc65120000 - 0x00007ffc6512c000 	c:\Users\Ionwi\.vscode\extensions\redhat.java-1.4.0\jre\17.0.2-win32-x86_64\bin\vcruntime140_1.dll
0x00007ffc53dd0000 - 0x00007ffc53e61000 	c:\Users\Ionwi\.vscode\extensions\redhat.java-1.4.0\jre\17.0.2-win32-x86_64\bin\msvcp140.dll
0x00007ffc41ac0000 - 0x00007ffc42707000 	c:\Users\Ionwi\.vscode\extensions\redhat.java-1.4.0\jre\17.0.2-win32-x86_64\bin\server\jvm.dll
0x00007ffc7a790000 - 0x00007ffc7a83e000 	C:\WINDOWS\System32\ADVAPI32.dll
0x00007ffc7a690000 - 0x00007ffc7a72c000 	C:\WINDOWS\System32\sechost.dll
0x00007ffc7c260000 - 0x00007ffc7c385000 	C:\WINDOWS\System32\RPCRT4.dll
0x00007ffc7b070000 - 0x00007ffc7b078000 	C:\WINDOWS\System32\PSAPI.DLL
0x00007ffc61c70000 - 0x00007ffc61c79000 	C:\WINDOWS\SYSTEM32\WSOCK32.dll
0x00007ffc7be70000 - 0x00007ffc7bedb000 	C:\WINDOWS\System32\WS2_32.dll
0x00007ffc719e0000 - 0x00007ffc71a07000 	C:\WINDOWS\SYSTEM32\WINMM.dll
0x00007ffc719d0000 - 0x00007ffc719da000 	C:\WINDOWS\SYSTEM32\VERSION.dll
0x00007ffc784a0000 - 0x00007ffc784b2000 	C:\WINDOWS\SYSTEM32\kernel.appcore.dll
0x00007ffc65010000 - 0x00007ffc6501a000 	c:\Users\Ionwi\.vscode\extensions\redhat.java-1.4.0\jre\17.0.2-win32-x86_64\bin\jimage.dll
0x00007ffc77ab0000 - 0x00007ffc77c94000 	C:\WINDOWS\SYSTEM32\DBGHELP.DLL
0x00007ffc625c0000 - 0x00007ffc625ec000 	C:\WINDOWS\SYSTEM32\dbgcore.DLL
0x00007ffc79d10000 - 0x00007ffc79d92000 	C:\WINDOWS\System32\bcryptPrimitives.dll
0x00007ffc5aaa0000 - 0x00007ffc5aac5000 	c:\Users\Ionwi\.vscode\extensions\redhat.java-1.4.0\jre\17.0.2-win32-x86_64\bin\java.dll
0x00007ffc60710000 - 0x00007ffc60728000 	c:\Users\Ionwi\.vscode\extensions\redhat.java-1.4.0\jre\17.0.2-win32-x86_64\bin\zip.dll
0x00007ffc7a920000 - 0x00007ffc7b064000 	C:\WINDOWS\System32\SHELL32.dll
0x00007ffc77cc0000 - 0x00007ffc78454000 	C:\WINDOWS\SYSTEM32\windows.storage.dll
0x00007ffc7b610000 - 0x00007ffc7b964000 	C:\WINDOWS\System32\combase.dll
0x00007ffc795a0000 - 0x00007ffc795cc000 	C:\WINDOWS\SYSTEM32\Wldp.dll
0x00007ffc7c1b0000 - 0x00007ffc7c25d000 	C:\WINDOWS\System32\SHCORE.dll
0x00007ffc7a8c0000 - 0x00007ffc7a915000 	C:\WINDOWS\System32\shlwapi.dll
0x00007ffc79b50000 - 0x00007ffc79b6f000 	C:\WINDOWS\SYSTEM32\profapi.dll
0x00007ffc5aa80000 - 0x00007ffc5aa99000 	C:\Users\Ionwi\.vscode\extensions\redhat.java-1.4.0\jre\17.0.2-win32-x86_64\bin\net.dll
0x00007ffc6f6c0000 - 0x00007ffc6f7c9000 	C:\WINDOWS\SYSTEM32\WINHTTP.dll
0x00007ffc792b0000 - 0x00007ffc7931a000 	C:\WINDOWS\system32\mswsock.dll
0x00007ffc581f0000 - 0x00007ffc58205000 	C:\Users\Ionwi\.vscode\extensions\redhat.java-1.4.0\jre\17.0.2-win32-x86_64\bin\nio.dll
0x00007ffc65140000 - 0x00007ffc65150000 	c:\Users\Ionwi\.vscode\extensions\redhat.java-1.4.0\jre\17.0.2-win32-x86_64\bin\verify.dll
0x00007ffc69290000 - 0x00007ffc69299000 	C:\Users\Ionwi\.vscode\extensions\redhat.java-1.4.0\jre\17.0.2-win32-x86_64\bin\management.dll
0x00007ffc65130000 - 0x00007ffc6513b000 	C:\Users\Ionwi\.vscode\extensions\redhat.java-1.4.0\jre\17.0.2-win32-x86_64\bin\management_ext.dll
0x00007ffc576c0000 - 0x00007ffc576d7000 	C:\WINDOWS\system32\napinsp.dll
0x00007ffc44ee0000 - 0x00007ffc44efb000 	C:\WINDOWS\system32\pnrpnsp.dll
0x00007ffc748c0000 - 0x00007ffc748d5000 	C:\WINDOWS\system32\wshbth.dll
0x00007ffc752d0000 - 0x00007ffc752ed000 	C:\WINDOWS\system32\NLAapi.dll
0x00007ffc78fc0000 - 0x00007ffc78ffb000 	C:\WINDOWS\SYSTEM32\IPHLPAPI.DLL
0x00007ffc79000000 - 0x00007ffc790ca000 	C:\WINDOWS\SYSTEM32\DNSAPI.dll
0x00007ffc7b320000 - 0x00007ffc7b328000 	C:\WINDOWS\System32\NSI.dll
0x00007ffc449d0000 - 0x00007ffc449e2000 	C:\WINDOWS\System32\winrnr.dll
0x00007ffc6a770000 - 0x00007ffc6a77a000 	C:\Windows\System32\rasadhlp.dll
0x00007ffc6a6a0000 - 0x00007ffc6a71f000 	C:\WINDOWS\System32\fwpuclnt.dll
0x00007ffc7a1c0000 - 0x00007ffc7a1e7000 	C:\WINDOWS\System32\bcrypt.dll
0x00007ffc794e0000 - 0x00007ffc794f8000 	C:\WINDOWS\SYSTEM32\CRYPTSP.dll
0x00007ffc78c40000 - 0x00007ffc78c74000 	C:\WINDOWS\system32\rsaenh.dll
0x00007ffc79b10000 - 0x00007ffc79b3e000 	C:\WINDOWS\SYSTEM32\USERENV.dll
0x00007ffc794d0000 - 0x00007ffc794dc000 	C:\WINDOWS\SYSTEM32\CRYPTBASE.dll
0x00007ffc6f9d0000 - 0x00007ffc6f9e7000 	C:\WINDOWS\SYSTEM32\dhcpcsvc6.DLL
0x00007ffc6f900000 - 0x00007ffc6f91d000 	C:\WINDOWS\SYSTEM32\dhcpcsvc.DLL
0x00007ffc64e20000 - 0x00007ffc64e29000 	C:\Users\Ionwi\.vscode\extensions\redhat.java-1.4.0\jre\17.0.2-win32-x86_64\bin\attach.dll

dbghelp: loaded successfully - version: 4.0.5 - missing functions: none
symbol engine: initialized successfully - sym options: 0x614 - pdb path: .;c:\Users\Ionwi\.vscode\extensions\redhat.java-1.4.0\jre\17.0.2-win32-x86_64\bin;C:\WINDOWS\SYSTEM32;C:\WINDOWS\WinSxS\amd64_microsoft.windows.common-controls_6595b64144ccf1df_6.0.19041.1110_none_60b5254171f9507e;c:\Users\Ionwi\.vscode\extensions\redhat.java-1.4.0\jre\17.0.2-win32-x86_64\bin\server

VM Arguments:
jvm_args: -Dsts.lsp.client=vscode -Dsts.log.file=/dev/null -XX:TieredStopAtLevel=1 -Dspring.config.location=file:c:\Users\Ionwi\.vscode\extensions\pivotal.vscode-spring-boot-1.32.0\language-server\BOOT-INF\classes\application.properties 
java_command: org.springframework.ide.vscode.boot.app.BootLanguageServerBootApp
java_class_path (initial): c:\Users\Ionwi\.vscode\extensions\pivotal.vscode-spring-boot-1.32.0\language-server\BOOT-INF\classes;c:\Users\Ionwi\.vscode\extensions\pivotal.vscode-spring-boot-1.32.0\language-server\BOOT-INF\lib\antlr4-runtime-4.5.3.jar;c:\Users\Ionwi\.vscode\extensions\pivotal.vscode-spring-boot-1.32.0\language-server\BOOT-INF\lib\byte-buddy-1.10.18.jar;c:\Users\Ionwi\.vscode\extensions\pivotal.vscode-spring-boot-1.32.0\language-server\BOOT-INF\lib\commons-codec-1.14.jar;c:\Users\Ionwi\.vscode\extensions\pivotal.vscode-spring-boot-1.32.0\language-server\BOOT-INF\lib\commons-io-2.4.jar;c:\Users\Ionwi\.vscode\extensions\pivotal.vscode-spring-boot-1.32.0\language-server\BOOT-INF\lib\commons-java-1.32.0-SNAPSHOT.jar;c:\Users\Ionwi\.vscode\extensions\pivotal.vscode-spring-boot-1.32.0\language-server\BOOT-INF\lib\commons-lang3-3.10.jar;c:\Users\Ionwi\.vscode\extensions\pivotal.vscode-spring-boot-1.32.0\language-server\BOOT-INF\lib\commons-language-server-1.32.0-SNAPSHOT.jar;c:\Users\Ionwi\.vscode\extensions\pivotal.vscode-spring-boot-1.32.0\language-server\BOOT-INF\lib\commons-lsp-extensions-1.32.0-SNAPSHOT.jar;c:\Users\Ionwi\.vscode\extensions\pivotal.vscode-spring-boot-1.32.0\language-server\BOOT-INF\lib\commons-util-1.32.0-SNAPSHOT.jar;c:\Users\Ionwi\.vscode\extensions\pivotal.vscode-spring-boot-1.32.0\language-server\BOOT-INF\lib\commons-yaml-1.32.0-SNAPSHOT.jar;c:\Users\Ionwi\.vscode\extensions\pivotal.vscode-spring-boot-1.32.0\language-server\BOOT-INF\lib\gson-2.8.6.jar;c:\Users\Ionwi\.vscode\extensions\pivotal.vscode-spring-boot-1.32.0\language-server\BOOT-INF\lib\guava-19.0.jar;c:\Users\Ionwi\.vscode\extensions\pivotal.vscode-spring-boot-1.32.0\language-server\BOOT-INF\lib\jakarta.annotation-api-1.3.5.jar;c:\Users\Ionwi\.vscode\extensions\pivotal.vscode-spring-boot-1.32.0\language-server\BOOT-INF\lib\jandex-2.0.5.Final.jar;c:\Users\Ionwi\.vscode\extensions\pivotal.vscode-spring-boot-1.32.0\language-server\BOOT-INF\lib\java-properties-1.32.0-SNAPSHO
Launcher Type: SUN_STANDARD

[Global flags]
     intx CICompilerCount                          = 2                                         {product} {ergonomic}
     uint ConcGCThreads                            = 1                                         {product} {ergonomic}
     uint G1ConcRefinementThreads                  = 2                                         {product} {ergonomic}
   size_t G1HeapRegionSize                         = 1048576                                   {product} {ergonomic}
    uintx GCDrainStackTargetSize                   = 64                                        {product} {ergonomic}
   size_t InitialHeapSize                          = 58720256                                  {product} {ergonomic}
   size_t MarkStackSize                            = 4194304                                   {product} {ergonomic}
   size_t MaxHeapSize                              = 908066816                                 {product} {ergonomic}
   size_t MaxNewSize                               = 544210944                                 {product} {ergonomic}
   size_t MinHeapDeltaBytes                        = 1048576                                   {product} {ergonomic}
   size_t MinHeapSize                              = 8388608                                   {product} {ergonomic}
    uintx NonProfiledCodeHeapSize                  = 0                                      {pd product} {ergonomic}
     bool ProfileInterpreter                       = false                                  {pd product} {command line}
    uintx ProfiledCodeHeapSize                     = 0                                      {pd product} {ergonomic}
   size_t SoftMaxHeapSize                          = 908066816                              {manageable} {ergonomic}
     intx TieredStopAtLevel                        = 1                                         {product} {command line}
     bool UseCompressedClassPointers               = true                           {product lp64_product} {ergonomic}
     bool UseCompressedOops                        = true                           {product lp64_product} {ergonomic}
     bool UseG1GC                                  = true                                      {product} {ergonomic}
     bool UseLargePagesIndividualAllocation        = false                                  {pd product} {ergonomic}

Logging:
Log output configuration:
 #0: stdout all=warning uptime,level,tags
 #1: stderr all=off uptime,level,tags

Environment Variables:
JAVA_HOME=C:\Program Files\Amazon Corretto\jdk11.0.14_9
PATH=C:\Program Files\Common Files\Oracle\Java\javapath;C:\Program Files\Amazon Corretto\jdk11.0.14_9\bin;C:\WINDOWS\system32;C:\WINDOWS;C:\WINDOWS\System32\Wbem;C:\WINDOWS\System32\WindowsPowerShell\v1.0\;C:\WINDOWS\System32\OpenSSH\;C:\Program Files\Git\cmd;C:\Program Files\Docker\Docker\resources\bin;C:\ProgramData\DockerDesktop\version-bin;C:\Users\Ionwi\scoop\apps\postgresql\current\bin;C:\Users\Ionwi\scoop\apps\maven\current\bin;C:\Users\Ionwi\scoop\shims;C:\Users\Ionwi\AppData\Local\Microsoft\WindowsApps;C:\Users\Ionwi\AppData\Local\Programs\Microsoft VS Code\bin
USERNAME=Ionwi
OS=Windows_NT
PROCESSOR_IDENTIFIER=AMD64 Family 23 Model 24 Stepping 1, AuthenticAMD



---------------  S Y S T E M  ---------------

OS:
 Windows 10 , 64 bit Build 19041 (10.0.19041.1566)
OS uptime: 0 days 22:36 hours
Hyper-V role detected

CPU: total 2 (initial active 2) (2 cores per cpu, 1 threads per core) family 23 model 24 stepping 1 microcode 0x0, cx8, cmov, fxsr, mmx, 3dnowpref, sse, sse2, sse3, ssse3, sse4a, sse4.1, sse4.2, popcnt, lzcnt, tsc, tscinvbit, avx, avx2, aes, clmul, bmi1, bmi2, adx, sha, fma, vzeroupper, clflush, clflushopt, hv

Memory: 4k page, system-wide physical 3463M (247M free)
TotalPageFile size 14215M (AvailPageFile size 57M)
current process WorkingSet (physical memory assigned to process): 34M, peak: 110M
current process commit charge ("private bytes"): 131M, peak: 139M

vm_info: OpenJDK 64-Bit Server VM (17.0.2+8) for windows-amd64 JRE (17.0.2+8), built on Jan 20 2022 04:52:34 by "" with MS VC++ 16.7 (VS2019)

END.
